0 info it worked if it ends with ok
1 verbose cli [ '/usr/local/bin/node', '/usr/local/bin/npm', 'run', 'release' ]
2 info using npm@3.9.0
3 info using node@v6.0.0
4 verbose run-script [ 'prerelease', 'release', 'postrelease' ]
5 info lifecycle acms-util-kit@1.0.0~prerelease: acms-util-kit@1.0.0
6 silly lifecycle acms-util-kit@1.0.0~prerelease: no script for prerelease, continuing
7 info lifecycle acms-util-kit@1.0.0~release: acms-util-kit@1.0.0
8 verbose lifecycle acms-util-kit@1.0.0~release: unsafe-perm in lifecycle true
9 verbose lifecycle acms-util-kit@1.0.0~release: PATH: /usr/local/lib/node_modules/npm/bin/node-gyp-bin:/Users/daigo/Documents/acmsutilkit/node_modules/.bin:/usr/local/bin:/opt/local/bin:/opt/local/sbin:/opt/local/bin:/opt/local/sbin:/usr/bin:/bin:/usr/sbin:/sbin:/usr/local/bin:/opt/X11/bin
10 verbose lifecycle acms-util-kit@1.0.0~release: CWD: /Users/daigo/Documents/acmsutilkit
11 silly lifecycle acms-util-kit@1.0.0~release: Args: [ '-c',
11 silly lifecycle   'electron-packager ./src acms-util-kit --out=./ --cache=cache --platform=darwin,win32 --arch=x64 --version=0.36.1 --overwrite --asar --icon=icns/acms-util_03.icns' ]
12 silly lifecycle acms-util-kit@1.0.0~release: Returned: code: 1  signal: null
13 info lifecycle acms-util-kit@1.0.0~release: Failed to exec release script
14 verbose stack Error: acms-util-kit@1.0.0 release: `electron-packager ./src acms-util-kit --out=./ --cache=cache --platform=darwin,win32 --arch=x64 --version=0.36.1 --overwrite --asar --icon=icns/acms-util_03.icns`
14 verbose stack Exit status 1
14 verbose stack     at EventEmitter.<anonymous> (/usr/local/lib/node_modules/npm/lib/utils/lifecycle.js:245:16)
14 verbose stack     at emitTwo (events.js:106:13)
14 verbose stack     at EventEmitter.emit (events.js:191:7)
14 verbose stack     at ChildProcess.<anonymous> (/usr/local/lib/node_modules/npm/lib/utils/spawn.js:24:14)
14 verbose stack     at emitTwo (events.js:106:13)
14 verbose stack     at ChildProcess.emit (events.js:191:7)
14 verbose stack     at maybeClose (internal/child_process.js:850:16)
14 verbose stack     at Process.ChildProcess._handle.onexit (internal/child_process.js:215:5)
15 verbose pkgid acms-util-kit@1.0.0
16 verbose cwd /Users/daigo/Documents/acmsutilkit
17 error Darwin 13.4.0
18 error argv "/usr/local/bin/node" "/usr/local/bin/npm" "run" "release"
19 error node v6.0.0
20 error npm  v3.9.0
21 error code ELIFECYCLE
22 error acms-util-kit@1.0.0 release: `electron-packager ./src acms-util-kit --out=./ --cache=cache --platform=darwin,win32 --arch=x64 --version=0.36.1 --overwrite --asar --icon=icns/acms-util_03.icns`
22 error Exit status 1
23 error Failed at the acms-util-kit@1.0.0 release script 'electron-packager ./src acms-util-kit --out=./ --cache=cache --platform=darwin,win32 --arch=x64 --version=0.36.1 --overwrite --asar --icon=icns/acms-util_03.icns'.
23 error Make sure you have the latest version of node.js and npm installed.
23 error If you do, this is most likely a problem with the acms-util-kit package,
23 error not with npm itself.
23 error Tell the author that this fails on your system:
23 error     electron-packager ./src acms-util-kit --out=./ --cache=cache --platform=darwin,win32 --arch=x64 --version=0.36.1 --overwrite --asar --icon=icns/acms-util_03.icns
23 error You can get information on how to open an issue for this project with:
23 error     npm bugs acms-util-kit
23 error Or if that isn't available, you can get their info via:
23 error     npm owner ls acms-util-kit
23 error There is likely additional logging output above.
24 verbose exit [ 1, true ]
